<?xml version="1.0" encoding="UTF-8"?>
<testng-results skipped="0" failed="0" ignored="0" total="1" passed="1">
  <reporter-output>
  </reporter-output>
  <suite name="Default suite" duration-ms="21350" started-at="2019-11-04T17:26:40Z" finished-at="2019-11-04T17:27:02Z">
    <groups>
    </groups>
    <test name="Default test" duration-ms="21350" started-at="2019-11-04T17:26:40Z" finished-at="2019-11-04T17:27:02Z">
      <class name="com.framework.tests.SampleTests">
        <test-method status="PASS" signature="doInitialSetUp(org.testng.ITestContext)[pri:0, instance:com.framework.tests.SampleTests@5c3bd550]" name="doInitialSetUp" is-config="true" duration-ms="7013" started-at="2019-11-04T17:26:33Z" finished-at="2019-11-04T17:26:40Z">
          <params>
            <param index="0">
              <value>
                <![CDATA[org.testng.TestRunner@34cdeda2]]>
              </value>
            </param>
          </params>
          <reporter-output>
          </reporter-output>
        </test-method> <!-- doInitialSetUp -->
        <test-method status="PASS" signature="beforeTest(org.testng.xml.XmlTest)[pri:0, instance:com.framework.tests.SampleTests@5c3bd550]" name="beforeTest" is-config="true" duration-ms="16" started-at="2019-11-04T17:26:40Z" finished-at="2019-11-04T17:26:40Z">
          <params>
            <param index="0">
              <value>
                <![CDATA[org.testng.xml.XmlTest@d2bfaad9]]>
              </value>
            </param>
          </params>
          <reporter-output>
          </reporter-output>
        </test-method> <!-- beforeTest -->
        <test-method status="PASS" signature="firstTest()[pri:0, instance:com.framework.tests.SampleTests@5c3bd550]" name="firstTest" duration-ms="21272" started-at="2019-11-04T17:26:40Z" finished-at="2019-11-04T17:27:02Z">
          <reporter-output>
          </reporter-output>
        </test-method> <!-- firstTest -->
        <test-method status="PASS" signature="beforeMethod(java.lang.reflect.Method)[pri:0, instance:com.framework.tests.SampleTests@5c3bd550]" name="beforeMethod" is-config="true" duration-ms="0" started-at="2019-11-04T17:26:40Z" finished-at="2019-11-04T17:26:40Z">
          <params>
            <param index="0">
              <value>
                <![CDATA[public void com.framework.tests.SampleTests.firstTest()]]>
              </value>
            </param>
          </params>
          <reporter-output>
          </reporter-output>
        </test-method> <!-- beforeMethod -->
        <test-method status="PASS" signature="afterMethod(org.testng.ITestResult)[pri:0, instance:com.framework.tests.SampleTests@5c3bd550]" name="afterMethod" is-config="true" duration-ms="22" started-at="2019-11-04T17:27:02Z" finished-at="2019-11-04T17:27:02Z">
          <params>
            <param index="0">
              <value>
                <![CDATA[[TestResult name=firstTest status=SUCCESS method=SampleTests.firstTest()[pri:0, instance:com.framework.tests.SampleTests@5c3bd550] output={null}]]]>
              </value>
            </param>
          </params>
          <reporter-output>
          </reporter-output>
        </test-method> <!-- afterMethod -->
        <test-method status="PASS" signature="quitBrowser()[pri:0, instance:com.framework.tests.SampleTests@5c3bd550]" name="quitBrowser" is-config="true" duration-ms="3266" started-at="2019-11-04T17:27:02Z" finished-at="2019-11-04T17:27:05Z">
          <reporter-output>
          </reporter-output>
        </test-method> <!-- quitBrowser -->
      </class> <!-- com.framework.tests.SampleTests -->
    </test> <!-- Default test -->
  </suite> <!-- Default suite -->
</testng-results>
